timestamp: 2023-05-17T17:43:24.544026
CREATE TABLE "py4web_session"(
    "id" INTEGER PRIMARY KEY AUTOINCREMENT,
    "rkey" CHAR(512),
    "rvalue" TEXT,
    "expiration" INTEGER,
    "created_on" TIMESTAMP,
    "expires_on" TIMESTAMP
);
success!
timestamp: 2023-05-17T17:43:24.545236
CREATE TABLE "auth_user"(
    "id" INTEGER PRIMARY KEY AUTOINCREMENT,
    "email" CHAR(512) UNIQUE,
    "password" CHAR(512),
    "first_name" CHAR(512),
    "last_name" CHAR(512),
    "sso_id" CHAR(512),
    "action_token" CHAR(512),
    "last_password_change" TIMESTAMP,
    "past_passwords_hash" TEXT
);
success!
timestamp: 2023-05-17T17:43:24.546080
CREATE TABLE "auth_user_tag_groups"(
    "id" INTEGER PRIMARY KEY AUTOINCREMENT,
    "tagpath" CHAR(512),
    "record_id" INTEGER REFERENCES "auth_user" ("id") ON DELETE CASCADE ON UPDATE CASCADE  
);
success!
timestamp: 2023-05-17T18:38:03.489508
CREATE TABLE "images"(
    "id" INTEGER PRIMARY KEY AUTOINCREMENT,
    "image_url" CHAR(512)
);
success!
timestamp: 2023-05-24T17:43:10.867164
CREATE TABLE "session"(
    "id" INTEGER PRIMARY KEY AUTOINCREMENT,
    "session_name" CHAR(512),
    "owner" CHAR(512),
    "school" CHAR(512),
    "term" CHAR(512),
    "open" CHAR(512),
    "class_name" CHAR(512),
    "location" CHAR(512),
    "description" CHAR(512),
    "time" CHAR(512),
    "announcement" CHAR(512),
    "official" CHAR(512),
    "max_num_students" CHAR(512),
    "num_students" CHAR(512)
);
success!
timestamp: 2023-05-24T17:43:10.871807
CREATE TABLE "attendance"(
    "id" INTEGER PRIMARY KEY AUTOINCREMENT,
    "email" CHAR(512),
    "session_id" INTEGER REFERENCES "session" ("id") ON DELETE CASCADE ON UPDATE CASCADE  
);
success!
success!
timestamp: 2023-05-31T22:52:10.703932
ALTER TABLE "session" ADD "date" CHAR(512);
success!
timestamp: 2023-05-31T22:59:55.474829
ALTER TABLE "session" ADD "starttime" CHAR(512);
timestamp: 2023-05-31T22:59:55.476648
ALTER TABLE "session" ADD "endtime" CHAR(512);
success!
success!
success!
success!
success!
success!
success!
success!
success!
success!
success!
success!
success!
success!
success!
success!
success!
success!
success!
success!
success!
success!
success!
success!
success!
success!
success!
success!
success!
success!
success!
success!
success!
success!
success!
success!
success!
success!
success!
success!
success!
success!
success!
success!
success!
success!
success!
success!
success!
